[16-Apr-21 10:38:17](INFO@MainThread) -Scraping has been started...Site : Hometown pallet	Link : https://furu-po.com/
[16-Apr-21 10:38:36](INFO@MainThread) -Scraping_sub_category(旅行_宿泊券)
[16-Apr-21 10:38:38](INFO@MainThread) -Scraping_sub_category(旅行_パッケージ旅行)
[16-Apr-21 10:38:39](INFO@MainThread) -Scraping_sub_category(果物類_メロン・スイカ)
[16-Apr-21 10:38:41](INFO@MainThread) -Scraping_sub_category(果物類_もも)
[16-Apr-21 10:38:42](INFO@MainThread) -Scraping_sub_category(果物類_ぶどう)
[16-Apr-21 10:38:44](INFO@MainThread) -Scraping_sub_category(果物類_りんご・梨)
[16-Apr-21 10:38:45](INFO@MainThread) -Scraping_sub_category(果物類_みかん・柑橘類)
[16-Apr-21 10:38:47](INFO@MainThread) -Scraping_sub_category(果物類_柿・栗)
[16-Apr-21 10:38:48](INFO@MainThread) -Scraping_sub_category(果物類_びわ・さくらんぼ)
[16-Apr-21 10:38:49](INFO@MainThread) -Scraping_sub_category(果物類_マンゴー)
[16-Apr-21 10:38:51](INFO@MainThread) -Scraping_sub_category(果物類_いちご)
[16-Apr-21 10:38:52](INFO@MainThread) -Scraping_sub_category(果物類_その他果物・詰合せ)
[16-Apr-21 10:38:54](INFO@MainThread) -Scraping_sub_category(魚貝類_鯛・金目鯛・のどぐろ)
[16-Apr-21 10:38:56](INFO@MainThread) -Scraping_sub_category(魚貝類_鮭・サーモン)
[16-Apr-21 10:38:57](INFO@MainThread) -Scraping_sub_category(魚貝類_カツオ・マグロ)
[16-Apr-21 10:38:59](INFO@MainThread) -Scraping_sub_category(魚貝類_フグ)
[16-Apr-21 10:39:01](INFO@MainThread) -Scraping_sub_category(魚貝類_イカ・タコ・ウニ)
[16-Apr-21 10:39:02](INFO@MainThread) -Scraping_sub_category(魚貝類_うなぎ・穴子・鱧)
[16-Apr-21 10:39:34](INFO@MainThread) -Scraping_sub_category(魚貝類_干物)
[16-Apr-21 10:39:35](INFO@MainThread) -Scraping_sub_category(魚貝類_牡蠣)
[16-Apr-21 10:39:37](INFO@MainThread) -Scraping_sub_category(魚貝類_サザエ)
[16-Apr-21 10:39:38](INFO@MainThread) -Scraping_sub_category(魚貝類_アワビ・ホタテ・他)
[16-Apr-21 10:39:40](INFO@MainThread) -Scraping_sub_category(魚貝類_漬魚（味噌・粕等）)
[16-Apr-21 10:39:42](INFO@MainThread) -Scraping_sub_category(魚貝類_川魚)
[16-Apr-21 10:39:43](INFO@MainThread) -Scraping_sub_category(魚貝類_寿司)
[16-Apr-21 10:39:46](INFO@MainThread) -Scraping_sub_category(魚貝類_かまぼこ・練り製品)
[16-Apr-21 10:39:47](INFO@MainThread) -Scraping_sub_category(魚貝類_しらす・ちりめん)
[16-Apr-21 10:39:48](INFO@MainThread) -Scraping_sub_category(魚貝類_いくら・数の子・キャビア)
[16-Apr-21 10:39:50](INFO@MainThread) -Scraping_sub_category(魚貝類_のり・海藻)
[16-Apr-21 10:39:52](INFO@MainThread) -Scraping_sub_category(魚貝類_さんま・ししゃも)
[16-Apr-21 10:39:53](INFO@MainThread) -Scraping_sub_category(魚貝類_旬の鮮魚等)
[16-Apr-21 10:39:55](INFO@MainThread) -Scraping_sub_category(魚貝類_たらこ・明太子)
[16-Apr-21 10:39:57](INFO@MainThread) -Scraping_sub_category(魚貝類_しじみ・あさり・蛤)
[16-Apr-21 10:39:59](INFO@MainThread) -Scraping_sub_category(魚貝類_その他魚貝・加工品)
[16-Apr-21 10:40:00](INFO@MainThread) -Scraping_sub_category(肉_牛肉)
[16-Apr-21 10:40:02](INFO@MainThread) -Scraping_sub_category(肉_豚肉)
[16-Apr-21 10:40:04](INFO@MainThread) -Scraping_sub_category(肉_鶏肉)
[16-Apr-21 10:40:05](INFO@MainThread) -Scraping_sub_category(肉_羊肉・鴨肉)
[16-Apr-21 10:40:07](INFO@MainThread) -Scraping_sub_category(肉_ハム・ソーセージ・ハンバーグ)
[16-Apr-21 10:40:09](INFO@MainThread) -Scraping_sub_category(肉_馬肉・猪肉・鹿肉)
[16-Apr-21 10:40:12](INFO@MainThread) -Scraping_sub_category(肉_その他肉・加工品)
[16-Apr-21 10:40:16](INFO@MainThread) -Scraping_sub_category(米・パン_米)
[16-Apr-21 10:40:17](INFO@MainThread) -Scraping_sub_category(米・パン_無洗米)
[16-Apr-21 10:40:19](INFO@MainThread) -Scraping_sub_category(米・パン_玄米)
[16-Apr-21 10:40:21](INFO@MainThread) -Scraping_sub_category(米・パン_もち米・餅)
[16-Apr-21 10:40:23](INFO@MainThread) -Scraping_sub_category(米・パン_雑穀)
[16-Apr-21 10:40:24](INFO@MainThread) -Scraping_sub_category(米・パン_パン)
[16-Apr-21 10:40:26](INFO@MainThread) -Scraping_sub_category(米・パン_総菜パン・バーガー等)
[16-Apr-21 10:40:27](INFO@MainThread) -Scraping_sub_category(エビ・カニ等_カニ)
[16-Apr-21 10:40:29](INFO@MainThread) -Scraping_sub_category(エビ・カニ等_エビ)
[16-Apr-21 10:40:30](INFO@MainThread) -Scraping_sub_category(エビ・カニ等_エビ・カニ加工品)
[16-Apr-21 10:40:32](INFO@MainThread) -Scraping_sub_category(野菜類_セット・詰合せ)
[16-Apr-21 10:40:34](INFO@MainThread) -Scraping_sub_category(野菜類_じゃがいも・サツマイモ)
[16-Apr-21 10:40:35](INFO@MainThread) -Scraping_sub_category(野菜類_アスパラガス・茄子)
[16-Apr-21 10:40:37](INFO@MainThread) -Scraping_sub_category(野菜類_トマト)
[16-Apr-21 10:40:38](INFO@MainThread) -Scraping_sub_category(野菜類_ねぎ・玉ねぎ)
[16-Apr-21 10:40:39](INFO@MainThread) -Scraping_sub_category(野菜類_人参・大根・他根菜)
[16-Apr-21 10:40:41](INFO@MainThread) -Scraping_sub_category(野菜類_豆類)
[16-Apr-21 10:40:42](INFO@MainThread) -Scraping_sub_category(野菜類_とうもろこし)
[16-Apr-21 10:40:44](INFO@MainThread) -Scraping_sub_category(野菜類_薬味・ハーブ)
[16-Apr-21 10:40:45](INFO@MainThread) -Scraping_sub_category(野菜類_ジュース・加工品)
[16-Apr-21 10:40:47](INFO@MainThread) -Scraping_sub_category(野菜類_山菜・きのこ)
[16-Apr-21 10:40:48](INFO@MainThread) -Scraping_sub_category(野菜類_その他)
[16-Apr-21 10:40:50](INFO@MainThread) -Scraping_sub_category(お酒_ビール)
[16-Apr-21 10:40:51](INFO@MainThread) -Scraping_sub_category(お酒_日本酒)
[16-Apr-21 10:40:53](INFO@MainThread) -Scraping_sub_category(お酒_焼酎)
[16-Apr-21 10:40:54](INFO@MainThread) -Scraping_sub_category(お酒_ワイン)
[16-Apr-21 10:40:55](INFO@MainThread) -Scraping_sub_category(お酒_洋酒・リキュール類)
[16-Apr-21 10:40:56](INFO@MainThread) -Scraping_sub_category(お酒_泡盛)
[16-Apr-21 10:40:58](INFO@MainThread) -Scraping_sub_category(お酒_その他)
[16-Apr-21 10:40:59](INFO@MainThread) -Scraping_sub_category(イベントやチケット等_お食事券)
[16-Apr-21 10:41:01](INFO@MainThread) -Scraping_sub_category(イベントやチケット等_入場券・優待券)
[16-Apr-21 10:41:02](INFO@MainThread) -Scraping_sub_category(イベントやチケット等_温泉利用券)
[16-Apr-21 10:41:04](INFO@MainThread) -Scraping_sub_category(イベントやチケット等_体験チケット)
[16-Apr-21 10:41:05](INFO@MainThread) -Scraping_sub_category(イベントやチケット等_地元のお買物券)
[16-Apr-21 10:41:06](INFO@MainThread) -Scraping_sub_category(イベントやチケット等_花火大会チケット)
[16-Apr-21 10:41:07](INFO@MainThread) -Scraping_sub_category(イベントやチケット等_スキーチケット)
[16-Apr-21 10:41:09](INFO@MainThread) -Scraping_sub_category(イベントやチケット等_ゴルフ)
[16-Apr-21 10:41:11](INFO@MainThread) -Scraping_sub_category(イベントやチケット等_その他)
[16-Apr-21 10:41:12](INFO@MainThread) -Scraping_sub_category(加工品等_はちみつ・砂糖)
[16-Apr-21 10:41:13](INFO@MainThread) -Scraping_sub_category(加工品等_缶詰・瓶詰)
[16-Apr-21 10:41:14](INFO@MainThread) -Scraping_sub_category(加工品等_惣菜・レトルト)
[16-Apr-21 10:41:16](INFO@MainThread) -Scraping_sub_category(加工品等_燻製)
[16-Apr-21 10:41:17](INFO@MainThread) -Scraping_sub_category(加工品等_梅干・漬物・キムチ)
[16-Apr-21 10:41:19](INFO@MainThread) -Scraping_sub_category(加工品等_チーズ・バター)
[16-Apr-21 10:41:20](INFO@MainThread) -Scraping_sub_category(加工品等_豆腐・納豆)
[16-Apr-21 10:41:21](INFO@MainThread) -Scraping_sub_category(加工品等_乾物)
[16-Apr-21 10:41:22](INFO@MainThread) -Scraping_sub_category(加工品等_ジャム)
[16-Apr-21 10:41:24](INFO@MainThread) -Scraping_sub_category(加工品等_その他)
[16-Apr-21 10:41:26](INFO@MainThread) -Scraping_sub_category(飲料類_水・ミネラルウォーター)
[16-Apr-21 10:41:27](INFO@MainThread) -Scraping_sub_category(飲料類_果汁飲料)
[16-Apr-21 10:41:28](INFO@MainThread) -Scraping_sub_category(飲料類_お茶類)
[16-Apr-21 10:41:29](INFO@MainThread) -Scraping_sub_category(飲料類_コーヒー)
[16-Apr-21 10:41:31](INFO@MainThread) -Scraping_sub_category(飲料類_紅茶)
[16-Apr-21 10:41:32](INFO@MainThread) -Scraping_sub_category(飲料類_炭酸飲料)
[16-Apr-21 10:41:33](INFO@MainThread) -Scraping_sub_category(飲料類_牛乳・乳飲料)
[16-Apr-21 10:41:35](INFO@MainThread) -Scraping_sub_category(菓子_ケーキ・カステラ)
[16-Apr-21 10:41:36](INFO@MainThread) -Scraping_sub_category(菓子_焼菓子・チョコレート)
[16-Apr-21 10:41:37](INFO@MainThread) -Scraping_sub_category(菓子_煎餅・おかき)
[16-Apr-21 10:41:39](INFO@MainThread) -Scraping_sub_category(菓子_饅頭・羊羹・大福)
[16-Apr-21 10:41:40](INFO@MainThread) -Scraping_sub_category(菓子_スナック・駄菓子)
[16-Apr-21 10:41:41](INFO@MainThread) -Scraping_sub_category(菓子_ゼリー・プリン)
[16-Apr-21 10:41:43](INFO@MainThread) -Scraping_sub_category(菓子_和菓子)
[16-Apr-21 10:41:44](INFO@MainThread) -Scraping_sub_category(菓子_アイス・ヨーグルト)
[16-Apr-21 10:41:45](INFO@MainThread) -Scraping_sub_category(菓子_飴（あめ）)
[16-Apr-21 10:41:47](INFO@MainThread) -Scraping_sub_category(菓子_その他菓子・詰合せ)
[16-Apr-21 10:41:48](INFO@MainThread) -Scraping_sub_category(麺類_うどん)
[16-Apr-21 10:41:49](INFO@MainThread) -Scraping_sub_category(麺類_そば)
[16-Apr-21 10:41:51](INFO@MainThread) -Scraping_sub_category(麺類_そうめん)
[16-Apr-21 10:41:52](INFO@MainThread) -Scraping_sub_category(麺類_ラーメン)
[16-Apr-21 10:41:53](INFO@MainThread) -Scraping_sub_category(麺類_パスタ)
[16-Apr-21 10:41:55](INFO@MainThread) -Scraping_sub_category(麺類_麺類その他)
[16-Apr-21 10:41:56](INFO@MainThread) -Scraping_sub_category(工芸品・装飾品_ネックレス)
[16-Apr-21 10:41:57](INFO@MainThread) -Scraping_sub_category(工芸品・装飾品_イヤリング)
[16-Apr-21 10:41:58](INFO@MainThread) -Scraping_sub_category(工芸品・装飾品_民芸品・工芸品)
[16-Apr-21 10:42:00](INFO@MainThread) -Scraping_sub_category(工芸品・装飾品_福祉施設製品)
[16-Apr-21 10:42:02](INFO@MainThread) -Scraping_sub_category(美容_化粧水・乳液)
[16-Apr-21 10:42:03](INFO@MainThread) -Scraping_sub_category(美容_アロマ・入浴剤)
[16-Apr-21 10:42:04](INFO@MainThread) -Scraping_sub_category(美容_石鹸)
[16-Apr-21 10:42:05](INFO@MainThread) -Scraping_sub_category(美容_その他)
[16-Apr-21 10:42:07](INFO@MainThread) -Scraping_sub_category(調味料・油_味噌)
[16-Apr-21 10:42:08](INFO@MainThread) -Scraping_sub_category(調味料・油_たれ・ドレッシング・酢)
[16-Apr-21 10:42:09](INFO@MainThread) -Scraping_sub_category(調味料・油_食用油)
[16-Apr-21 10:42:11](INFO@MainThread) -Scraping_sub_category(調味料・油_塩・だし)
[16-Apr-21 10:42:12](INFO@MainThread) -Scraping_sub_category(調味料・油_醤油)
[16-Apr-21 10:42:14](INFO@MainThread) -Scraping_sub_category(雑貨・日用品_食器・グラス)
[16-Apr-21 10:42:15](INFO@MainThread) -Scraping_sub_category(雑貨・日用品_タオル・寝具)
[16-Apr-21 10:42:16](INFO@MainThread) -Scraping_sub_category(雑貨・日用品_文房具・玩具)
[16-Apr-21 10:42:18](INFO@MainThread) -Scraping_sub_category(雑貨・日用品_キャラクター・ぬいぐるみ)
[16-Apr-21 10:42:19](INFO@MainThread) -Scraping_sub_category(雑貨・日用品_健康食品)
[16-Apr-21 10:42:20](INFO@MainThread) -Scraping_sub_category(雑貨・日用品_切手・写真・はがき)
[16-Apr-21 10:42:22](INFO@MainThread) -Scraping_sub_category(雑貨・日用品_本・DVD)
[16-Apr-21 10:42:23](INFO@MainThread) -Scraping_sub_category(雑貨・日用品_花・苗木)
[16-Apr-21 10:42:24](INFO@MainThread) -Scraping_sub_category(雑貨・日用品_家具・絵画)
[16-Apr-21 10:42:26](INFO@MainThread) -Scraping_sub_category(雑貨・日用品_福祉・バリアフリー用品)
[16-Apr-21 10:42:27](INFO@MainThread) -Scraping_sub_category(雑貨・日用品_包丁)
[16-Apr-21 10:42:28](INFO@MainThread) -Scraping_sub_category(雑貨・日用品_防災グッズ)
[16-Apr-21 10:42:30](INFO@MainThread) -Scraping_sub_category(雑貨・日用品_ゆるキャラ)
[16-Apr-21 10:42:31](INFO@MainThread) -Scraping_sub_category(雑貨・日用品_その他)
[16-Apr-21 10:42:32](INFO@MainThread) -Scraping_sub_category(ファッション_服)
[16-Apr-21 10:42:34](INFO@MainThread) -Scraping_sub_category(ファッション_小物)
[16-Apr-21 10:42:35](INFO@MainThread) -Scraping_sub_category(ファッション_カバン)
[16-Apr-21 10:42:37](INFO@MainThread) -Scraping_sub_category(ファッション_アクセサリー)
[16-Apr-21 10:42:38](INFO@MainThread) -Scraping_sub_category(ファッション_靴・スリッパ・下駄)
[16-Apr-21 10:42:39](INFO@MainThread) -Scraping_sub_category(ファッション_財布)
[16-Apr-21 10:42:41](INFO@MainThread) -Scraping_sub_category(ファッション_その他)
[16-Apr-21 10:42:42](INFO@MainThread) -Scraping_sub_category(感謝状等_感謝状等)
[16-Apr-21 10:42:43](INFO@MainThread) -Scraping_sub_category(感謝状等_認定書・会員証)
[16-Apr-21 10:42:45](INFO@MainThread) -Scraping_sub_category(感謝状等_名前を刻印)
[16-Apr-21 10:42:46](INFO@MainThread) -Scraping_sub_category(感謝状等_その他)
[16-Apr-21 10:42:47](INFO@MainThread) -Scraping_sub_category(地域のお礼の品_カタログ)
[16-Apr-21 10:42:49](INFO@MainThread) -Scraping_sub_category(地域のお礼の品_自治体にお任せ)
[16-Apr-21 10:42:50](INFO@MainThread) -Scraping_sub_category(地域のお礼の品_生き物)
[16-Apr-21 10:42:52](INFO@MainThread) -Scraping_sub_category(卵（鶏、烏骨鶏等）_卵（鶏、烏骨鶏等）)
[16-Apr-21 10:42:53](INFO@MainThread) -Scraping_sub_category(卵（鶏、烏骨鶏等）_卵加工品)
[16-Apr-21 10:42:54](INFO@MainThread) -Scraping_sub_category(鍋セット_寄せ鍋)
[16-Apr-21 10:42:55](INFO@MainThread) -Scraping_sub_category(鍋セット_ジビエ鍋)
[16-Apr-21 10:42:57](INFO@MainThread) -Scraping_sub_category(鍋セット_モツ鍋)
[16-Apr-21 10:42:58](INFO@MainThread) -Scraping_sub_category(鍋セット_水炊き)
[16-Apr-21 10:42:59](INFO@MainThread) -Scraping_sub_category(鍋セット_海鮮鍋)
[16-Apr-21 10:43:01](INFO@MainThread) -Scraping_sub_category(鍋セット_郷土鍋)
[16-Apr-21 10:43:02](INFO@MainThread) -Scraping_sub_category(鍋セット_しゃぶしゃぶ)
[16-Apr-21 10:43:04](INFO@MainThread) -Scraping_sub_category(鍋セット_すき焼き)
[16-Apr-21 10:43:05](INFO@MainThread) -Scraping_sub_category(鍋セット_おでん)
[16-Apr-21 10:43:06](INFO@MainThread) -Scraping_sub_category(鍋セット_その他)
[16-Apr-21 10:43:08](INFO@MainThread) -Scraping_sub_category(コロナ被害事業者支援_給食関連)
[16-Apr-21 10:43:09](INFO@MainThread) -Scraping_sub_category(コロナ被害事業者支援_観光関連（前払い式）)
[16-Apr-21 10:43:10](INFO@MainThread) -Scraping_sub_category(コロナ被害事業者支援_観光関連（後払い式）)
[16-Apr-21 10:43:12](INFO@MainThread) -Scraping_sub_category(コロナ被害事業者支援_外食産業関連)
[16-Apr-21 10:43:13](INFO@MainThread) -Scraping_sub_category(コロナ被害事業者支援_品なしコロナ対策寄付)
[16-Apr-21 10:43:13](INFO@MainThread) -Took 295.79 seconds for fetching 553 categories
[16-Apr-21 10:43:27](INFO@Scraper_0) -Scraping([果物類_もも]https://furu-po.com/goods_list/7/72)
[16-Apr-21 10:43:28](INFO@Scraper_0) -Active_thread(1) -Next_Page(果物類_もも) -Scraped_categories(1/170)
[16-Apr-21 10:43:29](INFO@Scraper_0) -Active_thread(1) -Next_Page(果物類_もも) -Scraped_categories(1/170)
[16-Apr-21 10:43:31](INFO@Scraper_0) -Active_thread(1) -Next_Page(果物類_もも) -Scraped_categories(1/170)
[16-Apr-21 10:43:33](INFO@Scraper_0) -Active_thread(1) -Next_Page(果物類_もも) -Scraped_categories(1/170)
[16-Apr-21 10:43:34](INFO@Scraper_0) -Active_thread(1) -Next_Page(果物類_もも) -Scraped_categories(1/170)
[16-Apr-21 10:43:36](INFO@Scraper_0) -Active_thread(1) -Next_Page(果物類_もも) -Scraped_categories(1/170)
[16-Apr-21 10:43:37](INFO@Scraper_0) -Active_thread(1) -Next_Page(果物類_もも) -Scraped_categories(1/170)
[16-Apr-21 10:43:40](INFO@Scraper_0) -Active_thread(1) -Next_Page(果物類_もも) -Scraped_categories(1/170)
[16-Apr-21 10:43:41](INFO@Scraper_0) -Active_thread(1) -Next_Page(果物類_もも) -Scraped_categories(1/170)
[16-Apr-21 10:43:41](INFO@Scraper_0) -Active_thread(1) -Exiting(果物類_もも) -Scraped_categories(1/170)
[16-Apr-21 10:43:41](INFO@Scraper_0) -Adding_items(192)  - Total_item(192)
[16-Apr-21 10:43:42](INFO@MainThread) -Took 28.29 seconds to  fetch  192 items URL
[16-Apr-21 10:44:01](INFO@Fetching_Item_Data_3) -Scraped_items(5/192) -Fetching(https://furu-po.com/goods_detail.php?id=428567)
[16-Apr-21 10:44:01](INFO@Fetching_Item_Data_1) -Scraped_items(5/192) -Fetching(https://furu-po.com/goods_detail.php?id=428565)
[16-Apr-21 10:44:02](INFO@Fetching_Item_Data_0) -Scraped_items(5/192) -Fetching(https://furu-po.com/goods_detail.php?id=747140)
[16-Apr-21 10:44:03](INFO@Fetching_Item_Data_4) -Scraped_items(5/192) -Fetching(https://furu-po.com/goods_detail.php?id=747297)
[16-Apr-21 10:44:04](INFO@Fetching_Item_Data_2) -Scraped_items(7/192) -Fetching(https://furu-po.com/goods_detail.php?id=747389)
[16-Apr-21 10:44:22](INFO@Fetching_Item_Data_3) -Scraped_items(10/192) -Fetching(https://furu-po.com/goods_detail.php?id=428507)
[16-Apr-21 10:44:23](INFO@Fetching_Item_Data_1) -Scraped_items(10/192) -Fetching(https://furu-po.com/goods_detail.php?id=467078)
[16-Apr-21 10:44:25](INFO@Fetching_Item_Data_4) -Scraped_items(11/192) -Fetching(https://furu-po.com/goods_detail.php?id=747035)
[16-Apr-21 10:44:25](INFO@Fetching_Item_Data_0) -Scraped_items(12/192) -Fetching(https://furu-po.com/goods_detail.php?id=748784)
[16-Apr-21 10:44:26](INFO@Fetching_Item_Data_2) -Scraped_items(12/192) -Fetching(https://furu-po.com/goods_detail.php?id=417910)
[16-Apr-21 10:44:40](INFO@Fetching_Item_Data_3) -Scraped_items(15/192) -Fetching(https://furu-po.com/goods_detail.php?id=748786)
[16-Apr-21 10:44:44](INFO@Fetching_Item_Data_1) -Scraped_items(16/192) -Fetching(https://furu-po.com/goods_detail.php?id=747040)
[16-Apr-21 10:44:46](INFO@Fetching_Item_Data_4) -Scraped_items(17/192) -Fetching(https://furu-po.com/goods_detail.php?id=759121)
[16-Apr-21 10:44:46](INFO@Fetching_Item_Data_0) -Scraped_items(17/192) -Fetching(https://furu-po.com/goods_detail.php?id=765993)
[16-Apr-21 10:44:48](INFO@Fetching_Item_Data_2) -Scraped_items(19/192) -Fetching(https://furu-po.com/goods_detail.php?id=747136)
[16-Apr-21 10:44:58](INFO@Fetching_Item_Data_3) -Scraped_items(20/192) -Fetching(https://furu-po.com/goods_detail.php?id=747147)
[16-Apr-21 10:45:03](INFO@Fetching_Item_Data_1) -Scraped_items(21/192) -Fetching(https://furu-po.com/goods_detail.php?id=750502)
[16-Apr-21 10:45:04](INFO@Fetching_Item_Data_4) -Scraped_items(21/192) -Fetching(https://furu-po.com/goods_detail.php?id=747145)
[16-Apr-21 10:45:06](INFO@Fetching_Item_Data_0) -Scraped_items(23/192) -Fetching(https://furu-po.com/goods_detail.php?id=747368)
[16-Apr-21 10:45:06](INFO@Fetching_Item_Data_2) -Scraped_items(23/192) -Fetching(https://furu-po.com/goods_detail.php?id=714826)
[16-Apr-21 10:45:14](INFO@Fetching_Item_Data_3) -Scraped_items(25/192) -Fetching(https://furu-po.com/goods_detail.php?id=517511)
[16-Apr-21 10:45:22](INFO@Fetching_Item_Data_1) -Scraped_items(26/192) -Fetching(https://furu-po.com/goods_detail.php?id=736614)
[16-Apr-21 10:45:24](INFO@Fetching_Item_Data_4) -Scraped_items(27/192) -Fetching(https://furu-po.com/goods_detail.php?id=714829)
[16-Apr-21 10:45:25](INFO@Fetching_Item_Data_0) -Scraped_items(27/192) -Fetching(https://furu-po.com/goods_detail.php?id=743959)
[16-Apr-21 10:45:26](INFO@Fetching_Item_Data_2) -Scraped_items(28/192) -Fetching(https://furu-po.com/goods_detail.php?id=743953)
[16-Apr-21 10:45:29](INFO@Fetching_Item_Data_3) -Scraped_items(30/192) -Fetching(https://furu-po.com/goods_detail.php?id=617357)
[16-Apr-21 10:45:38](INFO@Fetching_Item_Data_1) -Scraped_items(31/192) -Fetching(https://furu-po.com/goods_detail.php?id=765994)
[16-Apr-21 10:45:43](INFO@Fetching_Item_Data_4) -Scraped_items(32/192) -Fetching(https://furu-po.com/goods_detail.php?id=747452)
[16-Apr-21 10:45:43](INFO@Fetching_Item_Data_0) -Scraped_items(32/192) -Fetching(https://furu-po.com/goods_detail.php?id=468660)
[16-Apr-21 10:45:45](INFO@Fetching_Item_Data_2) -Scraped_items(33/192) -Fetching(https://furu-po.com/goods_detail.php?id=417911)
[16-Apr-21 10:45:48](INFO@Fetching_Item_Data_3) -Scraped_items(35/192) -Fetching(https://furu-po.com/goods_detail.php?id=747460)
[16-Apr-21 10:45:54](INFO@Fetching_Item_Data_1) -Scraped_items(36/192) -Fetching(https://furu-po.com/goods_detail.php?id=747551)
[16-Apr-21 10:46:01](INFO@Fetching_Item_Data_4) -Scraped_items(37/192) -Fetching(https://furu-po.com/goods_detail.php?id=750309)
[16-Apr-21 10:46:03](INFO@Fetching_Item_Data_0) -Scraped_items(38/192) -Fetching(https://furu-po.com/goods_detail.php?id=663575)
[16-Apr-21 10:46:04](INFO@Fetching_Item_Data_2) -Scraped_items(38/192) -Fetching(https://furu-po.com/goods_detail.php?id=743869)
[16-Apr-21 10:46:06](INFO@Fetching_Item_Data_3) -Scraped_items(40/192) -Fetching(https://furu-po.com/goods_detail.php?id=747032)
[16-Apr-21 10:46:09](INFO@Fetching_Item_Data_1) -Scraped_items(41/192) -Fetching(https://furu-po.com/goods_detail.php?id=617358)
[16-Apr-21 10:46:18](INFO@Fetching_Item_Data_4) -Scraped_items(42/192) -Fetching(https://furu-po.com/goods_detail.php?id=517501)
[16-Apr-21 10:46:22](INFO@Fetching_Item_Data_0) -Scraped_items(43/192) -Fetching(https://furu-po.com/goods_detail.php?id=820146)
[16-Apr-21 10:46:23](INFO@Fetching_Item_Data_2) -Scraped_items(44/192) -Fetching(https://furu-po.com/goods_detail.php?id=418204)
[16-Apr-21 10:46:25](INFO@Fetching_Item_Data_3) -Scraped_items(45/192) -Fetching(https://furu-po.com/goods_detail.php?id=428629)
[16-Apr-21 10:46:26](INFO@Fetching_Item_Data_1) -Scraped_items(46/192) -Fetching(https://furu-po.com/goods_detail.php?id=747474)
[16-Apr-21 10:46:34](INFO@Fetching_Item_Data_4) -Scraped_items(47/192) -Fetching(https://furu-po.com/goods_detail.php?id=487055)
[16-Apr-21 10:46:39](INFO@Fetching_Item_Data_0) -Scraped_items(48/192) -Fetching(https://furu-po.com/goods_detail.php?id=747539)
[16-Apr-21 10:46:42](INFO@Fetching_Item_Data_2) -Scraped_items(49/192) -Fetching(https://furu-po.com/goods_detail.php?id=364617)
[16-Apr-21 10:46:44](INFO@Fetching_Item_Data_3) -Scraped_items(50/192) -Fetching(https://furu-po.com/goods_detail.php?id=370095)
[16-Apr-21 10:46:44](INFO@Fetching_Item_Data_1) -Scraped_items(50/192) -Fetching(https://furu-po.com/goods_detail.php?id=364622)
[16-Apr-21 10:46:49](INFO@Fetching_Item_Data_4) -Scraped_items(52/192) -Fetching(https://furu-po.com/goods_detail.php?id=531748)
[16-Apr-21 10:46:56](INFO@Fetching_Item_Data_0) -Scraped_items(53/192) -Fetching(https://furu-po.com/goods_detail.php?id=428224)
[16-Apr-21 10:47:01](INFO@Fetching_Item_Data_2) -Scraped_items(54/192) -Fetching(https://furu-po.com/goods_detail.php?id=612488)
[16-Apr-21 10:47:03](INFO@Fetching_Item_Data_3) -Scraped_items(55/192) -Fetching(https://furu-po.com/goods_detail.php?id=612489)
[16-Apr-21 10:47:04](INFO@Fetching_Item_Data_1) -Scraped_items(55/192) -Fetching(https://furu-po.com/goods_detail.php?id=612490)
[16-Apr-21 10:47:08](INFO@Fetching_Item_Data_4) -Scraped_items(57/192) -Fetching(https://furu-po.com/goods_detail.php?id=688627)
[16-Apr-21 10:47:12](INFO@Fetching_Item_Data_0) -Scraped_items(58/192) -Fetching(https://furu-po.com/goods_detail.php?id=775888)
[16-Apr-21 10:47:17](INFO@Fetching_Item_Data_2) -Scraped_items(59/192) -Fetching(https://furu-po.com/goods_detail.php?id=428242)
[16-Apr-21 10:47:22](INFO@Fetching_Item_Data_1) -Scraped_items(60/192) -Fetching(https://furu-po.com/goods_detail.php?id=638888)
[16-Apr-21 10:47:22](INFO@Fetching_Item_Data_3) -Scraped_items(60/192) -Fetching(https://furu-po.com/goods_detail.php?id=747361)
[16-Apr-21 10:47:24](INFO@Fetching_Item_Data_4) -Scraped_items(62/192) -Fetching(https://furu-po.com/goods_detail.php?id=747417)
[16-Apr-21 10:47:28](INFO@Fetching_Item_Data_0) -Scraped_items(63/192) -Fetching(https://furu-po.com/goods_detail.php?id=747517)
[16-Apr-21 10:47:34](INFO@Fetching_Item_Data_2) -Scraped_items(64/192) -Fetching(https://furu-po.com/goods_detail.php?id=638878)
[16-Apr-21 10:47:39](INFO@Fetching_Item_Data_1) -Scraped_items(65/192) -Fetching(https://furu-po.com/goods_detail.php?id=552074)
[16-Apr-21 10:47:40](INFO@Fetching_Item_Data_3) -Scraped_items(65/192) -Fetching(https://furu-po.com/goods_detail.php?id=570326)
[16-Apr-21 10:47:42](INFO@Fetching_Item_Data_4) -Scraped_items(67/192) -Fetching(https://furu-po.com/goods_detail.php?id=638869)
[16-Apr-21 10:47:45](INFO@Fetching_Item_Data_0) -Scraped_items(68/192) -Fetching(https://furu-po.com/goods_detail.php?id=820135)
[16-Apr-21 10:47:49](INFO@Fetching_Item_Data_2) -Scraped_items(69/192) -Fetching(https://furu-po.com/goods_detail.php?id=747037)
[16-Apr-21 10:47:55](INFO@Fetching_Item_Data_1) -Scraped_items(70/192) -Fetching(https://furu-po.com/goods_detail.php?id=747038)
[16-Apr-21 10:47:57](INFO@Fetching_Item_Data_3) -Scraped_items(71/192) -Fetching(https://furu-po.com/goods_detail.php?id=747131)
[16-Apr-21 10:48:00](INFO@Fetching_Item_Data_4) -Scraped_items(72/192) -Fetching(https://furu-po.com/goods_detail.php?id=747135)
[16-Apr-21 10:48:02](INFO@Fetching_Item_Data_0) -Scraped_items(73/192) -Fetching(https://furu-po.com/goods_detail.php?id=747142)
[16-Apr-21 10:48:05](INFO@Fetching_Item_Data_2) -Scraped_items(74/192) -Fetching(https://furu-po.com/goods_detail.php?id=747146)
[16-Apr-21 10:48:12](INFO@Fetching_Item_Data_1) -Scraped_items(75/192) -Fetching(https://furu-po.com/goods_detail.php?id=428505)
[16-Apr-21 10:48:15](INFO@Fetching_Item_Data_3) -Scraped_items(76/192) -Fetching(https://furu-po.com/goods_detail.php?id=428506)
[16-Apr-21 10:48:17](INFO@Fetching_Item_Data_4) -Scraped_items(77/192) -Fetching(https://furu-po.com/goods_detail.php?id=428509)
[16-Apr-21 10:48:19](INFO@Fetching_Item_Data_0) -Scraped_items(78/192) -Fetching(https://furu-po.com/goods_detail.php?id=796626)
[16-Apr-21 10:48:22](INFO@Fetching_Item_Data_2) -Scraped_items(79/192) -Fetching(https://furu-po.com/goods_detail.php?id=747552)
[16-Apr-21 10:48:27](INFO@Fetching_Item_Data_1) -Scraped_items(80/192) -Fetching(https://furu-po.com/goods_detail.php?id=499080)
[16-Apr-21 10:48:31](INFO@Fetching_Item_Data_3) -Scraped_items(81/192) -Fetching(https://furu-po.com/goods_detail.php?id=714834)
[16-Apr-21 10:48:35](INFO@Fetching_Item_Data_4) -Scraped_items(82/192) -Fetching(https://furu-po.com/goods_detail.php?id=638894)
[16-Apr-21 10:48:37](INFO@Fetching_Item_Data_0) -Scraped_items(83/192) -Fetching(https://furu-po.com/goods_detail.php?id=820153)
[16-Apr-21 10:48:39](INFO@Fetching_Item_Data_2) -Scraped_items(84/192) -Fetching(https://furu-po.com/goods_detail.php?id=747541)
[16-Apr-21 10:48:43](INFO@Fetching_Item_Data_1) -Scraped_items(85/192) -Fetching(https://furu-po.com/goods_detail.php?id=489027)
[16-Apr-21 10:48:47](INFO@Fetching_Item_Data_3) -Scraped_items(86/192) -Fetching(https://furu-po.com/goods_detail.php?id=746057)
[16-Apr-21 10:48:52](INFO@Fetching_Item_Data_4) -Scraped_items(87/192) -Fetching(https://furu-po.com/goods_detail.php?id=746074)
[16-Apr-21 10:48:55](INFO@Fetching_Item_Data_0) -Scraped_items(88/192) -Fetching(https://furu-po.com/goods_detail.php?id=746083)
[16-Apr-21 10:48:56](INFO@Fetching_Item_Data_2) -Scraped_items(89/192) -Fetching(https://furu-po.com/goods_detail.php?id=752640)
[16-Apr-21 10:48:59](INFO@Fetching_Item_Data_1) -Scraped_items(90/192) -Fetching(https://furu-po.com/goods_detail.php?id=750496)
[16-Apr-21 10:49:03](INFO@Fetching_Item_Data_3) -Scraped_items(91/192) -Fetching(https://furu-po.com/goods_detail.php?id=752643)
[16-Apr-21 10:49:08](INFO@Fetching_Item_Data_4) -Scraped_items(92/192) -Fetching(https://furu-po.com/goods_detail.php?id=752644)
[16-Apr-21 10:49:12](INFO@Fetching_Item_Data_0) -Scraped_items(93/192) -Fetching(https://furu-po.com/goods_detail.php?id=752686)
[16-Apr-21 10:49:13](INFO@Fetching_Item_Data_2) -Scraped_items(93/192) -Fetching(https://furu-po.com/goods_detail.php?id=754301)
[16-Apr-21 10:49:15](INFO@Fetching_Item_Data_1) -Scraped_items(95/192) -Fetching(https://furu-po.com/goods_detail.php?id=754313)
[16-Apr-21 10:49:20](INFO@Fetching_Item_Data_3) -Scraped_items(96/192) -Fetching(https://furu-po.com/goods_detail.php?id=754302)
[16-Apr-21 10:49:24](INFO@Fetching_Item_Data_4) -Scraped_items(97/192) -Fetching(https://furu-po.com/goods_detail.php?id=752658)
[16-Apr-21 10:49:30](INFO@Fetching_Item_Data_0) -Scraped_items(98/192) -Fetching(https://furu-po.com/goods_detail.php?id=792858)
[16-Apr-21 10:49:30](INFO@Fetching_Item_Data_2) -Scraped_items(98/192) -Fetching(https://furu-po.com/goods_detail.php?id=792859)
[16-Apr-21 10:49:34](INFO@Fetching_Item_Data_1) -Scraped_items(100/192) -Fetching(https://furu-po.com/goods_detail.php?id=428659)
[16-Apr-21 10:49:35](INFO@Fetching_Item_Data_3) -Scraped_items(101/192) -Fetching(https://furu-po.com/goods_detail.php?id=428660)
[16-Apr-21 10:49:40](INFO@Fetching_Item_Data_4) -Scraped_items(102/192) -Fetching(https://furu-po.com/goods_detail.php?id=663694)
[16-Apr-21 10:49:47](INFO@Fetching_Item_Data_0) -Scraped_items(103/192) -Fetching(https://furu-po.com/goods_detail.php?id=663693)
[16-Apr-21 10:49:49](INFO@Fetching_Item_Data_2) -Scraped_items(104/192) -Fetching(https://furu-po.com/goods_detail.php?id=514199)
[16-Apr-21 10:49:52](INFO@Fetching_Item_Data_1) -Scraped_items(105/192) -Fetching(https://furu-po.com/goods_detail.php?id=512112)
[16-Apr-21 10:49:53](INFO@Fetching_Item_Data_3) -Scraped_items(106/192) -Fetching(https://furu-po.com/goods_detail.php?id=512113)
[16-Apr-21 10:49:56](INFO@Fetching_Item_Data_4) -Scraped_items(107/192) -Fetching(https://furu-po.com/goods_detail.php?id=765636)
[16-Apr-21 10:50:05](INFO@Fetching_Item_Data_0) -Scraped_items(108/192) -Fetching(https://furu-po.com/goods_detail.php?id=777737)
[16-Apr-21 10:50:07](INFO@Fetching_Item_Data_2) -Scraped_items(109/192) -Fetching(https://furu-po.com/goods_detail.php?id=467154)
[16-Apr-21 10:50:10](INFO@Fetching_Item_Data_1) -Scraped_items(110/192) -Fetching(https://furu-po.com/goods_detail.php?id=786847)
[16-Apr-21 10:50:11](INFO@Fetching_Item_Data_3) -Scraped_items(110/192) -Fetching(https://furu-po.com/goods_detail.php?id=747291)
[16-Apr-21 10:50:13](INFO@Fetching_Item_Data_4) -Scraped_items(112/192) -Fetching(https://furu-po.com/goods_detail.php?id=747366)
[16-Apr-21 10:50:21](INFO@Fetching_Item_Data_0) -Scraped_items(113/192) -Fetching(https://furu-po.com/goods_detail.php?id=759752)
[16-Apr-21 10:50:24](INFO@Fetching_Item_Data_2) -Scraped_items(114/192) -Fetching(https://furu-po.com/goods_detail.php?id=489879)
[16-Apr-21 10:50:29](INFO@Fetching_Item_Data_1) -Scraped_items(115/192) -Fetching(https://furu-po.com/goods_detail.php?id=645318)
[16-Apr-21 10:50:29](INFO@Fetching_Item_Data_3) -Scraped_items(115/192) -Fetching(https://furu-po.com/goods_detail.php?id=820202)
[16-Apr-21 10:50:31](INFO@Fetching_Item_Data_4) -Scraped_items(117/192) -Fetching(https://furu-po.com/goods_detail.php?id=746999)
[16-Apr-21 10:50:36](INFO@Fetching_Item_Data_0) -Scraped_items(118/192) -Fetching(https://furu-po.com/goods_detail.php?id=747012)
[16-Apr-21 10:50:39](INFO@Fetching_Item_Data_2) -Scraped_items(119/192) -Fetching(https://furu-po.com/goods_detail.php?id=747520)
[16-Apr-21 10:50:47](INFO@Fetching_Item_Data_1) -Scraped_items(120/192) -Fetching(https://furu-po.com/goods_detail.php?id=742545)
[16-Apr-21 10:50:47](INFO@Fetching_Item_Data_3) -Scraped_items(120/192) -Fetching(https://furu-po.com/goods_detail.php?id=742548)
[16-Apr-21 10:50:49](INFO@Fetching_Item_Data_4) -Scraped_items(122/192) -Fetching(https://furu-po.com/goods_detail.php?id=747569)
[16-Apr-21 10:50:52](INFO@Fetching_Item_Data_0) -Scraped_items(123/192) -Fetching(https://furu-po.com/goods_detail.php?id=747584)
[16-Apr-21 10:50:55](INFO@Fetching_Item_Data_2) -Scraped_items(124/192) -Fetching(https://furu-po.com/goods_detail.php?id=747597)
[16-Apr-21 10:51:04](INFO@Fetching_Item_Data_1) -Scraped_items(125/192) -Fetching(https://furu-po.com/goods_detail.php?id=644992)
[16-Apr-21 10:51:06](INFO@Fetching_Item_Data_3) -Scraped_items(126/192) -Fetching(https://furu-po.com/goods_detail.php?id=819528)
[16-Apr-21 10:51:09](INFO@Fetching_Item_Data_4) -Scraped_items(127/192) -Fetching(https://furu-po.com/goods_detail.php?id=747512)
[16-Apr-21 10:51:10](INFO@Fetching_Item_Data_0) -Scraped_items(128/192) -Fetching(https://furu-po.com/goods_detail.php?id=747524)
[16-Apr-21 10:51:12](INFO@Fetching_Item_Data_2) -Scraped_items(129/192) -Fetching(https://furu-po.com/goods_detail.php?id=475444)
[16-Apr-21 10:51:22](INFO@Fetching_Item_Data_1) -Scraped_items(130/192) -Fetching(https://furu-po.com/goods_detail.php?id=744460)
[16-Apr-21 10:51:24](INFO@Fetching_Item_Data_3) -Scraped_items(131/192) -Fetching(https://furu-po.com/goods_detail.php?id=744565)
[16-Apr-21 10:51:28](INFO@Fetching_Item_Data_4) -Scraped_items(132/192) -Fetching(https://furu-po.com/goods_detail.php?id=747298)
[16-Apr-21 10:51:29](INFO@Fetching_Item_Data_0) -Scraped_items(133/192) -Fetching(https://furu-po.com/goods_detail.php?id=748787)
[16-Apr-21 10:51:30](INFO@Fetching_Item_Data_2) -Scraped_items(133/192) -Fetching(https://furu-po.com/goods_detail.php?id=760649)
[16-Apr-21 10:51:39](INFO@Fetching_Item_Data_1) -Scraped_items(135/192) -Fetching(https://furu-po.com/goods_detail.php?id=820176)
[16-Apr-21 10:51:42](INFO@Fetching_Item_Data_3) -Scraped_items(136/192) -Fetching(https://furu-po.com/goods_detail.php?id=617359)
[16-Apr-21 10:51:46](INFO@Fetching_Item_Data_4) -Scraped_items(137/192) -Fetching(https://furu-po.com/goods_detail.php?id=617360)
[16-Apr-21 10:51:47](INFO@Fetching_Item_Data_0) -Scraped_items(137/192) -Fetching(https://furu-po.com/goods_detail.php?id=645038)
[16-Apr-21 10:51:49](INFO@Fetching_Item_Data_2) -Scraped_items(139/192) -Fetching(https://furu-po.com/goods_detail.php?id=820164)
[16-Apr-21 10:51:55](INFO@Fetching_Item_Data_1) -Scraped_items(140/192) -Fetching(https://furu-po.com/goods_detail.php?id=795217)
[16-Apr-21 10:51:57](INFO@Fetching_Item_Data_3) -Scraped_items(141/192) -Fetching(https://furu-po.com/goods_detail.php?id=795225)
[16-Apr-21 10:52:04](INFO@Fetching_Item_Data_4) -Scraped_items(142/192) -Fetching(https://furu-po.com/goods_detail.php?id=795227)
[16-Apr-21 10:52:05](INFO@Fetching_Item_Data_0) -Scraped_items(142/192) -Fetching(https://furu-po.com/goods_detail.php?id=766363)
[16-Apr-21 10:52:07](INFO@Fetching_Item_Data_2) -Scraped_items(144/192) -Fetching(https://furu-po.com/goods_detail.php?id=638866)
[16-Apr-21 10:52:10](INFO@Fetching_Item_Data_1) -Scraped_items(145/192) -Fetching(https://furu-po.com/goods_detail.php?id=1985746)
[16-Apr-21 10:52:13](INFO@Fetching_Item_Data_3) -Scraped_items(146/192) -Fetching(https://furu-po.com/goods_detail.php?id=504565)
[16-Apr-21 10:52:22](INFO@Fetching_Item_Data_4) -Scraped_items(147/192) -Fetching(https://furu-po.com/goods_detail.php?id=504566)
[16-Apr-21 10:52:24](INFO@Fetching_Item_Data_0) -Scraped_items(148/192) -Fetching(https://furu-po.com/goods_detail.php?id=736586)
[16-Apr-21 10:52:27](INFO@Fetching_Item_Data_2) -Scraped_items(149/192) -Fetching(https://furu-po.com/goods_detail.php?id=736587)
[16-Apr-21 10:52:29](INFO@Fetching_Item_Data_1) -Scraped_items(150/192) -Fetching(https://furu-po.com/goods_detail.php?id=736594)
[16-Apr-21 10:52:31](INFO@Fetching_Item_Data_3) -Scraped_items(151/192) -Fetching(https://furu-po.com/goods_detail.php?id=736595)
[16-Apr-21 10:52:40](INFO@Fetching_Item_Data_4) -Scraped_items(152/192) -Fetching(https://furu-po.com/goods_detail.php?id=381566)
[16-Apr-21 10:52:42](INFO@Fetching_Item_Data_0) -Scraped_items(153/192) -Fetching(https://furu-po.com/goods_detail.php?id=381537)
[16-Apr-21 10:52:45](INFO@Fetching_Item_Data_2) -Scraped_items(154/192) -Fetching(https://furu-po.com/goods_detail.php?id=747367)
[16-Apr-21 10:52:47](INFO@Fetching_Item_Data_1) -Scraped_items(155/192) -Fetching(https://furu-po.com/goods_detail.php?id=520996)
[16-Apr-21 10:52:48](INFO@Fetching_Item_Data_3) -Scraped_items(155/192) -Fetching(https://furu-po.com/goods_detail.php?id=614677)
[16-Apr-21 10:52:56](INFO@Fetching_Item_Data_4) -Scraped_items(157/192) -Fetching(https://furu-po.com/goods_detail.php?id=520997)
[16-Apr-21 10:52:59](INFO@Fetching_Item_Data_0) -Scraped_items(158/192) -Fetching(https://furu-po.com/goods_detail.php?id=614678)
[16-Apr-21 10:53:03](INFO@Fetching_Item_Data_2) -Scraped_items(159/192) -Fetching(https://furu-po.com/goods_detail.php?id=509931)
[16-Apr-21 10:53:06](INFO@Fetching_Item_Data_1) -Scraped_items(160/192) -Fetching(https://furu-po.com/goods_detail.php?id=736604)
[16-Apr-21 10:53:06](INFO@Fetching_Item_Data_3) -Scraped_items(160/192) -Fetching(https://furu-po.com/goods_detail.php?id=747458)
[16-Apr-21 10:53:11](INFO@Fetching_Item_Data_4) -Scraped_items(162/192) -Fetching(https://furu-po.com/goods_detail.php?id=736556)
[16-Apr-21 10:53:14](INFO@Fetching_Item_Data_0) -Scraped_items(163/192) -Fetching(https://furu-po.com/goods_detail.php?id=736558)
[16-Apr-21 10:53:19](INFO@Fetching_Item_Data_2) -Scraped_items(164/192) -Fetching(https://furu-po.com/goods_detail.php?id=506383)
[16-Apr-21 10:53:23](INFO@Fetching_Item_Data_1) -Scraped_items(165/192) -Fetching(https://furu-po.com/goods_detail.php?id=670181)
[16-Apr-21 10:53:24](INFO@Fetching_Item_Data_3) -Scraped_items(166/192) -Fetching(https://furu-po.com/goods_detail.php?id=670186)
[16-Apr-21 10:53:26](INFO@Fetching_Item_Data_4) -Scraped_items(167/192) -Fetching(https://furu-po.com/goods_detail.php?id=747301)
[16-Apr-21 10:53:30](INFO@Fetching_Item_Data_0) -Scraped_items(168/192) -Fetching(https://furu-po.com/goods_detail.php?id=506282)
[16-Apr-21 10:53:36](INFO@Fetching_Item_Data_2) -Scraped_items(169/192) -Fetching(https://furu-po.com/goods_detail.php?id=477209)
[16-Apr-21 10:53:40](INFO@Fetching_Item_Data_1) -Scraped_items(170/192) -Fetching(https://furu-po.com/goods_detail.php?id=747300)
[16-Apr-21 10:53:40](INFO@Fetching_Item_Data_3) -Scraped_items(170/192) -Fetching(https://furu-po.com/goods_detail.php?id=489881)
[16-Apr-21 10:53:43](INFO@Fetching_Item_Data_4) -Scraped_items(172/192) -Fetching(https://furu-po.com/goods_detail.php?id=736189)
[16-Apr-21 10:53:46](INFO@Fetching_Item_Data_0) -Scraped_items(173/192) -Fetching(https://furu-po.com/goods_detail.php?id=489877)
[16-Apr-21 10:53:51](INFO@Fetching_Item_Data_2) -Scraped_items(174/192) -Fetching(https://furu-po.com/goods_detail.php?id=489878)
[16-Apr-21 10:53:58](INFO@Fetching_Item_Data_3) -Scraped_items(175/192) -Fetching(https://furu-po.com/goods_detail.php?id=506385)
[16-Apr-21 10:53:58](INFO@Fetching_Item_Data_1) -Scraped_items(175/192) -Fetching(https://furu-po.com/goods_detail.php?id=476040)
[16-Apr-21 10:54:02](INFO@Fetching_Item_Data_4) -Scraped_items(177/192) -Fetching(https://furu-po.com/goods_detail.php?id=747000)
[16-Apr-21 10:54:03](INFO@Fetching_Item_Data_0) -Scraped_items(178/192) -Fetching(https://furu-po.com/goods_detail.php?id=520721)
[16-Apr-21 10:54:07](INFO@Fetching_Item_Data_2) -Scraped_items(179/192) -Fetching(https://furu-po.com/goods_detail.php?id=520722)
[16-Apr-21 10:54:15](INFO@Fetching_Item_Data_3) -Scraped_items(180/192) -Fetching(https://furu-po.com/goods_detail.php?id=521834)
[16-Apr-21 10:54:16](INFO@Fetching_Item_Data_1) -Scraped_items(180/192) -Fetching(https://furu-po.com/goods_detail.php?id=521835)
[16-Apr-21 10:54:20](INFO@Fetching_Item_Data_0) -Scraped_items(182/192) -Fetching(https://furu-po.com/goods_detail.php?id=521837)
[16-Apr-21 10:54:21](INFO@Fetching_Item_Data_4) -Scraped_items(182/192) -Fetching(https://furu-po.com/goods_detail.php?id=521836)
[16-Apr-21 10:54:24](INFO@Fetching_Item_Data_2) -Scraped_items(184/192) -Fetching(https://furu-po.com/goods_detail.php?id=747571)
[16-Apr-21 10:54:32](INFO@Fetching_Item_Data_3) -Scraped_items(185/192) -Fetching(https://furu-po.com/goods_detail.php?id=612468)
[16-Apr-21 10:54:34](INFO@Fetching_Item_Data_1) -Scraped_items(186/192) -Fetching(https://furu-po.com/goods_detail.php?id=480749)
[16-Apr-21 10:54:38](INFO@Fetching_Item_Data_0) -Scraped_items(187/192) -Fetching(https://furu-po.com/goods_detail.php?id=506486)
[16-Apr-21 10:54:39](INFO@Fetching_Item_Data_4) -Scraped_items(188/192) -Fetching(https://furu-po.com/goods_detail.php?id=747461)
[16-Apr-21 10:54:42](INFO@Fetching_Item_Data_2) -Scraped_items(189/192) -Fetching(https://furu-po.com/goods_detail.php?id=568775)
[16-Apr-21 10:54:49](INFO@Fetching_Item_Data_3) -Scraped_items(190/192) -Fetching(https://furu-po.com/goods_detail.php?id=641108)
[16-Apr-21 10:54:51](INFO@Fetching_Item_Data_1) -Scraped_items(191/192) -Fetching(https://furu-po.com/goods_detail.php?id=501243)
[16-Apr-21 10:54:54](INFO@Fetching_Item_Data_0) -Scraped_items(192/192) -Fetching(https://furu-po.com/goods_detail.php?id=736567)
[16-Apr-21 10:54:58](INFO@Fetching_Item_Data_4) -Scraped_items(192/192) -Fetching(https://furu-po.com/goods_detail.php?id=736568)
[16-Apr-21 10:54:59](INFO@Fetching_Item_Data_2) -Scraped_items(192/192) -Fetching(https://furu-po.com/goods_detail.php?id=747323)
[16-Apr-21 10:55:06](INFO@Fetching_Item_Data_3) -Scraped_items(192/192) -Fetching(https://furu-po.com/goods_detail.php?id=750306)
[16-Apr-21 10:55:08](INFO@Fetching_Item_Data_1) -Scraped_items(192/192) -Fetching(https://furu-po.com/goods_detail.php?id=736615)
[16-Apr-21 10:55:08](INFO@MainThread) -Took 686.37 seconds to  scrape  192 items data
