[15-Apr-21 10:59:56](INFO@MainThread) -Scraping has been started...Site : Furusato Honpo	Link : https://furusatohonpo.jp/
[15-Apr-21 11:00:11](INFO@MainThread) -Next_Page(https://furusatohonpo.jp/donate/s/?categories=204#)
[15-Apr-21 11:00:17](INFO@MainThread) -Exiting...
[15-Apr-21 11:00:17](INFO@MainThread) -Took 21.07 for fetching 40 URLs
[15-Apr-21 11:00:35](INFO@Fetching_Item_Data_3) -Scraped_items(5/40) -Fetching(https://furusatohonpo.jp/donate/detail/?id=3a1e9d83-7521-4099-8b76-acd6c5139592)
[15-Apr-21 11:00:35](INFO@Fetching_Item_Data_2) -Scraped_items(5/40) -Fetching(https://furusatohonpo.jp/donate/detail/?id=35cd5f14-3aff-422c-80f3-9ded0734b4e0)
[15-Apr-21 11:00:35](INFO@Fetching_Item_Data_0) -Scraped_items(5/40) -Fetching(https://furusatohonpo.jp/donate/detail/?id=a56e1182-d8b0-429a-b733-6523ffa3faaf)
[15-Apr-21 11:00:35](INFO@Fetching_Item_Data_1) -Scraped_items(5/40) -Fetching(https://furusatohonpo.jp/donate/detail/?id=373ea1ca-07a1-4655-935c-48386e913482)
[15-Apr-21 11:00:35](INFO@Fetching_Item_Data_4) -Scraped_items(5/40) -Fetching(https://furusatohonpo.jp/donate/detail/?id=d95adc9a-ea42-43c7-bbbf-09def9f317d6)
[15-Apr-21 11:00:55](INFO@Fetching_Item_Data_3) -Scraped_items(10/40) -Fetching(https://furusatohonpo.jp/donate/detail/?id=1e31e43d-763f-4e8c-9021-b24d263e82ba)
[15-Apr-21 11:00:58](INFO@Fetching_Item_Data_2) -Scraped_items(10/40) -Fetching(https://furusatohonpo.jp/donate/detail/?id=732643ec-6f97-4edd-b0e7-60ad62be62dc)
[15-Apr-21 11:00:58](INFO@Fetching_Item_Data_4) -Scraped_items(10/40) -Fetching(https://furusatohonpo.jp/donate/detail/?id=289279f0-9f89-4d35-afbc-23f8bbc25f25)
[15-Apr-21 11:00:58](INFO@Fetching_Item_Data_0) -Scraped_items(10/40) -Fetching(https://furusatohonpo.jp/donate/detail/?id=5bc8ab93-d7c9-4d59-90bf-3bdf16b18564)
[15-Apr-21 11:00:58](INFO@Fetching_Item_Data_1) -Scraped_items(10/40) -Fetching(https://furusatohonpo.jp/donate/detail/?id=0c353206-9e6d-4e21-b4b1-caf2648a002f)
[15-Apr-21 11:01:14](INFO@Fetching_Item_Data_3) -Scraped_items(15/40) -Fetching(https://furusatohonpo.jp/donate/detail/?id=6d60fd61-6434-4dde-bff1-674bae00af61)
[15-Apr-21 11:01:19](INFO@Fetching_Item_Data_4) -Scraped_items(15/40) -Fetching(https://furusatohonpo.jp/donate/detail/?id=719dd8ea-eb60-40d9-af3d-9fe1af9db276)
[15-Apr-21 11:01:19](INFO@Fetching_Item_Data_2) -Scraped_items(15/40) -Fetching(https://furusatohonpo.jp/donate/detail/?id=40c8b43b-bab7-4be7-9297-94678fd4af4a)
[15-Apr-21 11:01:20](INFO@Fetching_Item_Data_1) -Scraped_items(16/40) -Fetching(https://furusatohonpo.jp/donate/detail/?id=96a60787-1019-416e-83ef-ed0a38f7197d)
[15-Apr-21 11:01:20](INFO@Fetching_Item_Data_0) -Scraped_items(16/40) -Fetching(https://furusatohonpo.jp/donate/detail/?id=7d40e486-3671-4946-acf4-cdc452257db5)
[15-Apr-21 11:01:34](INFO@Fetching_Item_Data_3) -Scraped_items(20/40) -Fetching(https://furusatohonpo.jp/donate/detail/?id=09709d45-6dac-4263-8d73-17a35bb9932c)
[15-Apr-21 11:01:39](INFO@Fetching_Item_Data_4) -Scraped_items(20/40) -Fetching(https://furusatohonpo.jp/donate/detail/?id=fc08b9fc-91cf-4ab2-8082-f345fb69a87d)
[15-Apr-21 11:01:40](INFO@Fetching_Item_Data_2) -Scraped_items(21/40) -Fetching(https://furusatohonpo.jp/donate/detail/?id=9b7ceff2-53c5-4758-96d1-5ce5cda4f1be)
[15-Apr-21 11:01:41](INFO@Fetching_Item_Data_1) -Scraped_items(21/40) -Fetching(https://furusatohonpo.jp/donate/detail/?id=19084d91-452b-4706-b3b9-c6ff10c116a6)
[15-Apr-21 11:01:41](INFO@Fetching_Item_Data_0) -Scraped_items(21/40) -Fetching(https://furusatohonpo.jp/donate/detail/?id=264832de-5f43-413e-a31a-ab687cdfc633)
[15-Apr-21 11:01:54](INFO@Fetching_Item_Data_3) -Scraped_items(25/40) -Fetching(https://furusatohonpo.jp/donate/detail/?id=89cf9068-90f2-4a71-9fd2-6284402846b2)
[15-Apr-21 11:01:58](INFO@Fetching_Item_Data_4) -Scraped_items(25/40) -Fetching(https://furusatohonpo.jp/donate/detail/?id=0b655e9c-783f-4fe4-89bd-0e3f65a0a4f3)
[15-Apr-21 11:02:00](INFO@Fetching_Item_Data_2) -Scraped_items(26/40) -Fetching(https://furusatohonpo.jp/donate/detail/?id=096867de-3928-421e-a751-c31d9d54d061)
[15-Apr-21 11:02:01](INFO@Fetching_Item_Data_0) -Scraped_items(26/40) -Fetching(https://furusatohonpo.jp/donate/detail/?id=02672033-3efc-4c0c-8d65-6389901bd494)
[15-Apr-21 11:02:01](INFO@Fetching_Item_Data_1) -Scraped_items(26/40) -Fetching(https://furusatohonpo.jp/donate/detail/?id=6ad54fe8-1818-4529-8087-d810534edebf)
[15-Apr-21 11:02:14](INFO@Fetching_Item_Data_3) -Scraped_items(30/40) -Fetching(https://furusatohonpo.jp/donate/detail/?id=9c98136c-a5d4-4628-b0ed-a9786bd53c16)
[15-Apr-21 11:02:19](INFO@Fetching_Item_Data_4) -Scraped_items(30/40) -Fetching(https://furusatohonpo.jp/donate/detail/?id=1f685c7d-28b6-4491-8dfb-511d44df31e6)
[15-Apr-21 11:02:19](INFO@Fetching_Item_Data_2) -Scraped_items(30/40) -Fetching(https://furusatohonpo.jp/donate/detail/?id=4a9b6f45-8920-4421-a4c5-296457864d7b)
[15-Apr-21 11:02:21](INFO@Fetching_Item_Data_0) -Scraped_items(31/40) -Fetching(https://furusatohonpo.jp/donate/detail/?id=dc290875-9371-467e-9dad-d1a1cb04ca7e)
[15-Apr-21 11:02:21](INFO@Fetching_Item_Data_1) -Scraped_items(31/40) -Fetching(https://furusatohonpo.jp/donate/detail/?id=91b38d93-0c97-471d-8278-39b65fd31ceb)
[15-Apr-21 11:02:33](INFO@Fetching_Item_Data_3) -Scraped_items(35/40) -Fetching(https://furusatohonpo.jp/donate/detail/?id=a70c1365-4ffd-4fa6-bd17-2ce41c56d08d)
[15-Apr-21 11:02:39](INFO@Fetching_Item_Data_4) -Scraped_items(35/40) -Fetching(https://furusatohonpo.jp/donate/detail/?id=8c692157-4d64-4c7b-bb4f-7f2769b512ca)
[15-Apr-21 11:02:39](INFO@Fetching_Item_Data_2) -Scraped_items(36/40) -Fetching(https://furusatohonpo.jp/donate/detail/?id=7655f379-0318-437a-b802-1658ed8e444b)
[15-Apr-21 11:02:41](INFO@Fetching_Item_Data_1) -Scraped_items(36/40) -Fetching(https://furusatohonpo.jp/donate/detail/?id=6315ab59-22be-4d82-b445-6dabfaf6c23c)
[15-Apr-21 11:02:41](INFO@Fetching_Item_Data_0) -Scraped_items(36/40) -Fetching(https://furusatohonpo.jp/donate/detail/?id=3cdaf8cd-f130-4615-aa3e-f69f1ea7d22c)
[15-Apr-21 11:02:53](INFO@Fetching_Item_Data_3) -Scraped_items(40/40) -Fetching(https://furusatohonpo.jp/donate/detail/?id=42889400-a7fc-401d-b8a6-425681208284)
[15-Apr-21 11:02:57](INFO@Fetching_Item_Data_4) -Scraped_items(40/40) -Fetching(https://furusatohonpo.jp/donate/detail/?id=46d16d22-bd4e-47a3-a835-da6a8d7e301f)
[15-Apr-21 11:02:58](INFO@Fetching_Item_Data_2) -Scraped_items(40/40) -Fetching(https://furusatohonpo.jp/donate/detail/?id=a3d0f0a4-dae5-4672-b61b-3c9ae0ea0ee1)
[15-Apr-21 11:03:00](INFO@Fetching_Item_Data_1) -Scraped_items(40/40) -Fetching(https://furusatohonpo.jp/donate/detail/?id=1340572b-5f6e-4c1f-8de9-b4a4974c8c57)
[15-Apr-21 11:03:00](INFO@Fetching_Item_Data_0) -Scraped_items(40/40) -Fetching(https://furusatohonpo.jp/donate/detail/?id=b40ead5f-e503-4715-9628-7657c17dcdb7)
[15-Apr-21 11:03:06](INFO@MainThread) -Took 168.8 seconds to  scrape  40 items data
