[15-Apr-21 10:59:56](INFO@MainThread) -Scraping has been started...Site : au PAY Hometown tax payment	Link : https://furusato.wowma.jp/
[15-Apr-21 11:00:11](INFO@MainThread) -Took 15.69 seconds for fetching 245 categories
[15-Apr-21 11:00:26](INFO@Fetching_URL_0) -Scraping([米・パン_もち米・餅]https://furusato.wowma.jp/products/list.php?parent_category=4&category_21=21)
[15-Apr-21 11:00:27](INFO@Fetching_URL_0) -Active_thread(1) -Next_Page(米・パン_もち米・餅) -Scraped_categories(1/245)
[15-Apr-21 11:00:30](INFO@Fetching_URL_0) -Active_thread(1) -Next_Page(米・パン_もち米・餅) -Scraped_categories(1/245)
[15-Apr-21 11:00:35](INFO@Fetching_URL_0) -Active_thread(1) -Next_Page(米・パン_もち米・餅) -Scraped_categories(1/245)
[15-Apr-21 11:00:38](INFO@Fetching_URL_0) -Active_thread(1) -Next_Page(米・パン_もち米・餅) -Scraped_categories(1/245)
[15-Apr-21 11:00:39](INFO@Fetching_URL_0) -Active_thread(1) -Exiting(米・パン_もち米・餅) -Scraped_categories(1/245)
[15-Apr-21 11:00:39](INFO@Fetching_URL_0) -Adding_items(122)  -Total_item(122)
[15-Apr-21 11:00:39](INFO@MainThread) -Took 27.97 seconds to  fetch  122 items URL
[15-Apr-21 11:00:39](INFO@Fetching_Item_Data_0) -Scraped_items(1/122) -Fetching(https://furusato.wowma.jp/products/detail.php?product_id=69683)
[15-Apr-21 11:00:39](INFO@Fetching_Item_Data_1) -Scraped_items(2/122) -Fetching(https://furusato.wowma.jp/products/detail.php?product_id=69682)
[15-Apr-21 11:00:39](INFO@Fetching_Item_Data_2) -Scraped_items(3/122) -Fetching(https://furusato.wowma.jp/products/detail.php?product_id=89670)
[15-Apr-21 11:00:39](INFO@Fetching_Item_Data_3) -Scraped_items(4/122) -Fetching(https://furusato.wowma.jp/products/detail.php?product_id=110278)
[15-Apr-21 11:00:39](INFO@Fetching_Item_Data_4) -Scraped_items(5/122) -Fetching(https://furusato.wowma.jp/products/detail.php?product_id=110277)
[15-Apr-21 11:00:39](INFO@Fetching_Item_Data_5) -Scraped_items(6/122) -Fetching(https://furusato.wowma.jp/products/detail.php?product_id=48364)
[15-Apr-21 11:00:39](INFO@Fetching_Item_Data_6) -Scraped_items(7/122) -Fetching(https://furusato.wowma.jp/products/detail.php?product_id=110276)
[15-Apr-21 11:00:39](INFO@Fetching_Item_Data_7) -Scraped_items(8/122) -Fetching(https://furusato.wowma.jp/products/detail.php?product_id=89660)
[15-Apr-21 11:00:43](INFO@Fetching_Item_Data_3) -Scraped_items(9/122) -Fetching(https://furusato.wowma.jp/products/detail.php?product_id=89671)
[15-Apr-21 11:00:43](INFO@Fetching_Item_Data_2) -Scraped_items(10/122) -Fetching(https://furusato.wowma.jp/products/detail.php?product_id=64411)
[15-Apr-21 11:00:43](INFO@Fetching_Item_Data_4) -Scraped_items(11/122) -Fetching(https://furusato.wowma.jp/products/detail.php?product_id=102872)
[15-Apr-21 11:00:43](INFO@Fetching_Item_Data_6) -Scraped_items(12/122) -Fetching(https://furusato.wowma.jp/products/detail.php?product_id=79564)
[15-Apr-21 11:00:43](INFO@Fetching_Item_Data_5) -Scraped_items(13/122) -Fetching(https://furusato.wowma.jp/products/detail.php?product_id=107938)
[15-Apr-21 11:00:43](INFO@Fetching_Item_Data_7) -Scraped_items(14/122) -Fetching(https://furusato.wowma.jp/products/detail.php?product_id=106734)
[15-Apr-21 11:00:43](INFO@Fetching_Item_Data_1) -Scraped_items(15/122) -Fetching(https://furusato.wowma.jp/products/detail.php?product_id=106577)
[15-Apr-21 11:00:43](INFO@Fetching_Item_Data_0) -Scraped_items(16/122) -Fetching(https://furusato.wowma.jp/products/detail.php?product_id=106530)
[15-Apr-21 11:00:46](INFO@Fetching_Item_Data_6) -Scraped_items(17/122) -Fetching(https://furusato.wowma.jp/products/detail.php?product_id=100303)
[15-Apr-21 11:00:46](INFO@Fetching_Item_Data_7) -Scraped_items(18/122) -Fetching(https://furusato.wowma.jp/products/detail.php?product_id=97886)
[15-Apr-21 11:00:46](INFO@Fetching_Item_Data_4) -Scraped_items(19/122) -Fetching(https://furusato.wowma.jp/products/detail.php?product_id=89664)
[15-Apr-21 11:00:46](INFO@Fetching_Item_Data_0) -Scraped_items(20/122) -Fetching(https://furusato.wowma.jp/products/detail.php?product_id=82912)
[15-Apr-21 11:00:46](INFO@Fetching_Item_Data_2) -Scraped_items(21/122) -Fetching(https://furusato.wowma.jp/products/detail.php?product_id=76330)
[15-Apr-21 11:00:46](INFO@Fetching_Item_Data_3) -Scraped_items(22/122) -Fetching(https://furusato.wowma.jp/products/detail.php?product_id=71692)
[15-Apr-21 11:00:46](INFO@Fetching_Item_Data_1) -Scraped_items(23/122) -Fetching(https://furusato.wowma.jp/products/detail.php?product_id=69693)
[15-Apr-21 11:00:46](INFO@Fetching_Item_Data_5) -Scraped_items(24/122) -Fetching(https://furusato.wowma.jp/products/detail.php?product_id=67181)
[15-Apr-21 11:00:49](INFO@Fetching_Item_Data_6) -Scraped_items(25/122) -Fetching(https://furusato.wowma.jp/products/detail.php?product_id=11101)
[15-Apr-21 11:00:49](INFO@Fetching_Item_Data_3) -Scraped_items(26/122) -Fetching(https://furusato.wowma.jp/products/detail.php?product_id=110177)
[15-Apr-21 11:00:49](INFO@Fetching_Item_Data_4) -Scraped_items(27/122) -Fetching(https://furusato.wowma.jp/products/detail.php?product_id=107937)
[15-Apr-21 11:00:49](INFO@Fetching_Item_Data_2) -Scraped_items(28/122) -Fetching(https://furusato.wowma.jp/products/detail.php?product_id=106363)
[15-Apr-21 11:00:49](INFO@Fetching_Item_Data_0) -Scraped_items(29/122) -Fetching(https://furusato.wowma.jp/products/detail.php?product_id=102162)
[15-Apr-21 11:00:49](INFO@Fetching_Item_Data_7) -Scraped_items(30/122) -Fetching(https://furusato.wowma.jp/products/detail.php?product_id=101494)
[15-Apr-21 11:00:49](INFO@Fetching_Item_Data_1) -Scraped_items(31/122) -Fetching(https://furusato.wowma.jp/products/detail.php?product_id=100308)
[15-Apr-21 11:00:49](INFO@Fetching_Item_Data_5) -Scraped_items(32/122) -Fetching(https://furusato.wowma.jp/products/detail.php?product_id=100302)
[15-Apr-21 11:00:51](INFO@Fetching_Item_Data_3) -Scraped_items(33/122) -Fetching(https://furusato.wowma.jp/products/detail.php?product_id=99725)
[15-Apr-21 11:00:51](INFO@Fetching_Item_Data_6) -Scraped_items(34/122) -Fetching(https://furusato.wowma.jp/products/detail.php?product_id=99240)
[15-Apr-21 11:00:52](INFO@Fetching_Item_Data_4) -Scraped_items(35/122) -Fetching(https://furusato.wowma.jp/products/detail.php?product_id=97885)
[15-Apr-21 11:00:52](INFO@Fetching_Item_Data_2) -Scraped_items(36/122) -Fetching(https://furusato.wowma.jp/products/detail.php?product_id=97884)
[15-Apr-21 11:00:52](INFO@Fetching_Item_Data_0) -Scraped_items(38/122) -Fetching(https://furusato.wowma.jp/products/detail.php?product_id=94255)
[15-Apr-21 11:00:52](INFO@Fetching_Item_Data_7) -Scraped_items(37/122) -Fetching(https://furusato.wowma.jp/products/detail.php?product_id=97586)
[15-Apr-21 11:00:52](INFO@Fetching_Item_Data_1) -Scraped_items(39/122) -Fetching(https://furusato.wowma.jp/products/detail.php?product_id=93243)
[15-Apr-21 11:00:52](INFO@Fetching_Item_Data_5) -Scraped_items(40/122) -Fetching(https://furusato.wowma.jp/products/detail.php?product_id=89662)
[15-Apr-21 11:00:55](INFO@Fetching_Item_Data_6) -Scraped_items(41/122) -Fetching(https://furusato.wowma.jp/products/detail.php?product_id=89661)
[15-Apr-21 11:00:55](INFO@Fetching_Item_Data_3) -Scraped_items(42/122) -Fetching(https://furusato.wowma.jp/products/detail.php?product_id=89659)
[15-Apr-21 11:00:56](INFO@Fetching_Item_Data_2) -Scraped_items(43/122) -Fetching(https://furusato.wowma.jp/products/detail.php?product_id=89398)
[15-Apr-21 11:00:56](INFO@Fetching_Item_Data_4) -Scraped_items(44/122) -Fetching(https://furusato.wowma.jp/products/detail.php?product_id=89397)
[15-Apr-21 11:00:56](INFO@Fetching_Item_Data_1) -Scraped_items(45/122) -Fetching(https://furusato.wowma.jp/products/detail.php?product_id=89396)
[15-Apr-21 11:00:56](INFO@Fetching_Item_Data_5) -Scraped_items(46/122) -Fetching(https://furusato.wowma.jp/products/detail.php?product_id=89389)
[15-Apr-21 11:00:56](INFO@Fetching_Item_Data_0) -Scraped_items(47/122) -Fetching(https://furusato.wowma.jp/products/detail.php?product_id=89388)
[15-Apr-21 11:00:56](INFO@Fetching_Item_Data_7) -Scraped_items(48/122) -Fetching(https://furusato.wowma.jp/products/detail.php?product_id=89381)
[15-Apr-21 11:00:58](INFO@Fetching_Item_Data_3) -Scraped_items(49/122) -Fetching(https://furusato.wowma.jp/products/detail.php?product_id=89372)
[15-Apr-21 11:00:58](INFO@Fetching_Item_Data_6) -Scraped_items(50/122) -Fetching(https://furusato.wowma.jp/products/detail.php?product_id=85704)
[15-Apr-21 11:00:59](INFO@Fetching_Item_Data_2) -Scraped_items(51/122) -Fetching(https://furusato.wowma.jp/products/detail.php?product_id=82714)
[15-Apr-21 11:00:59](INFO@Fetching_Item_Data_4) -Scraped_items(52/122) -Fetching(https://furusato.wowma.jp/products/detail.php?product_id=82711)
[15-Apr-21 11:00:59](INFO@Fetching_Item_Data_1) -Scraped_items(53/122) -Fetching(https://furusato.wowma.jp/products/detail.php?product_id=81995)
[15-Apr-21 11:00:59](INFO@Fetching_Item_Data_5) -Scraped_items(54/122) -Fetching(https://furusato.wowma.jp/products/detail.php?product_id=76329)
[15-Apr-21 11:00:59](INFO@Fetching_Item_Data_0) -Scraped_items(55/122) -Fetching(https://furusato.wowma.jp/products/detail.php?product_id=74486)
[15-Apr-21 11:00:59](INFO@Fetching_Item_Data_7) -Scraped_items(56/122) -Fetching(https://furusato.wowma.jp/products/detail.php?product_id=69694)
[15-Apr-21 11:01:01](INFO@Fetching_Item_Data_6) -Scraped_items(57/122) -Fetching(https://furusato.wowma.jp/products/detail.php?product_id=69692)
[15-Apr-21 11:01:01](INFO@Fetching_Item_Data_3) -Scraped_items(58/122) -Fetching(https://furusato.wowma.jp/products/detail.php?product_id=69691)
[15-Apr-21 11:01:01](INFO@Fetching_Item_Data_2) -Scraped_items(59/122) -Fetching(https://furusato.wowma.jp/products/detail.php?product_id=69688)
[15-Apr-21 11:01:02](INFO@Fetching_Item_Data_4) -Scraped_items(60/122) -Fetching(https://furusato.wowma.jp/products/detail.php?product_id=69686)
[15-Apr-21 11:01:02](INFO@Fetching_Item_Data_1) -Scraped_items(61/122) -Fetching(https://furusato.wowma.jp/products/detail.php?product_id=69680)
[15-Apr-21 11:01:02](INFO@Fetching_Item_Data_0) -Scraped_items(62/122) -Fetching(https://furusato.wowma.jp/products/detail.php?product_id=64963)
[15-Apr-21 11:01:02](INFO@Fetching_Item_Data_7) -Scraped_items(63/122) -Fetching(https://furusato.wowma.jp/products/detail.php?product_id=58935)
[15-Apr-21 11:01:02](INFO@Fetching_Item_Data_5) -Scraped_items(64/122) -Fetching(https://furusato.wowma.jp/products/detail.php?product_id=57969)
[15-Apr-21 11:01:04](INFO@Fetching_Item_Data_6) -Scraped_items(65/122) -Fetching(https://furusato.wowma.jp/products/detail.php?product_id=52174)
[15-Apr-21 11:01:04](INFO@Fetching_Item_Data_3) -Scraped_items(66/122) -Fetching(https://furusato.wowma.jp/products/detail.php?product_id=50004)
[15-Apr-21 11:01:04](INFO@Fetching_Item_Data_2) -Scraped_items(67/122) -Fetching(https://furusato.wowma.jp/products/detail.php?product_id=50003)
[15-Apr-21 11:01:05](INFO@Fetching_Item_Data_4) -Scraped_items(68/122) -Fetching(https://furusato.wowma.jp/products/detail.php?product_id=50002)
[15-Apr-21 11:01:05](INFO@Fetching_Item_Data_5) -Scraped_items(69/122) -Fetching(https://furusato.wowma.jp/products/detail.php?product_id=50001)
[15-Apr-21 11:01:05](INFO@Fetching_Item_Data_1) -Scraped_items(70/122) -Fetching(https://furusato.wowma.jp/products/detail.php?product_id=42787)
[15-Apr-21 11:01:05](INFO@Fetching_Item_Data_0) -Scraped_items(71/122) -Fetching(https://furusato.wowma.jp/products/detail.php?product_id=42786)
[15-Apr-21 11:01:05](INFO@Fetching_Item_Data_7) -Scraped_items(72/122) -Fetching(https://furusato.wowma.jp/products/detail.php?product_id=35728)
[15-Apr-21 11:01:07](INFO@Fetching_Item_Data_3) -Scraped_items(73/122) -Fetching(https://furusato.wowma.jp/products/detail.php?product_id=35584)
[15-Apr-21 11:01:07](INFO@Fetching_Item_Data_6) -Scraped_items(74/122) -Fetching(https://furusato.wowma.jp/products/detail.php?product_id=31363)
[15-Apr-21 11:01:07](INFO@Fetching_Item_Data_2) -Scraped_items(75/122) -Fetching(https://furusato.wowma.jp/products/detail.php?product_id=31299)
[15-Apr-21 11:01:07](INFO@Fetching_Item_Data_4) -Scraped_items(76/122) -Fetching(https://furusato.wowma.jp/products/detail.php?product_id=28435)
[15-Apr-21 11:01:08](INFO@Fetching_Item_Data_5) -Scraped_items(77/122) -Fetching(https://furusato.wowma.jp/products/detail.php?product_id=26986)
[15-Apr-21 11:01:08](INFO@Fetching_Item_Data_1) -Scraped_items(78/122) -Fetching(https://furusato.wowma.jp/products/detail.php?product_id=25762)
[15-Apr-21 11:01:08](INFO@Fetching_Item_Data_7) -Scraped_items(79/122) -Fetching(https://furusato.wowma.jp/products/detail.php?product_id=25759)
[15-Apr-21 11:01:08](INFO@Fetching_Item_Data_0) -Scraped_items(80/122) -Fetching(https://furusato.wowma.jp/products/detail.php?product_id=23720)
[15-Apr-21 11:01:10](INFO@Fetching_Item_Data_6) -Scraped_items(81/122) -Fetching(https://furusato.wowma.jp/products/detail.php?product_id=23679)
[15-Apr-21 11:01:10](INFO@Fetching_Item_Data_2) -Scraped_items(82/122) -Fetching(https://furusato.wowma.jp/products/detail.php?product_id=19929)
[15-Apr-21 11:01:10](INFO@Fetching_Item_Data_3) -Scraped_items(83/122) -Fetching(https://furusato.wowma.jp/products/detail.php?product_id=19928)
[15-Apr-21 11:01:10](INFO@Fetching_Item_Data_4) -Scraped_items(84/122) -Fetching(https://furusato.wowma.jp/products/detail.php?product_id=16026)
[15-Apr-21 11:01:10](INFO@Fetching_Item_Data_5) -Scraped_items(85/122) -Fetching(https://furusato.wowma.jp/products/detail.php?product_id=15944)
[15-Apr-21 11:01:11](INFO@Fetching_Item_Data_7) -Scraped_items(86/122) -Fetching(https://furusato.wowma.jp/products/detail.php?product_id=15880)
[15-Apr-21 11:01:11](INFO@Fetching_Item_Data_1) -Scraped_items(87/122) -Fetching(https://furusato.wowma.jp/products/detail.php?product_id=14305)
[15-Apr-21 11:01:11](INFO@Fetching_Item_Data_0) -Scraped_items(88/122) -Fetching(https://furusato.wowma.jp/products/detail.php?product_id=14139)
[15-Apr-21 11:01:12](INFO@Fetching_Item_Data_6) -Scraped_items(89/122) -Fetching(https://furusato.wowma.jp/products/detail.php?product_id=12274)
[15-Apr-21 11:01:12](INFO@Fetching_Item_Data_3) -Scraped_items(90/122) -Fetching(https://furusato.wowma.jp/products/detail.php?product_id=12272)
[15-Apr-21 11:01:13](INFO@Fetching_Item_Data_2) -Scraped_items(91/122) -Fetching(https://furusato.wowma.jp/products/detail.php?product_id=12265)
[15-Apr-21 11:01:13](INFO@Fetching_Item_Data_4) -Scraped_items(92/122) -Fetching(https://furusato.wowma.jp/products/detail.php?product_id=12260)
[15-Apr-21 11:01:13](INFO@Fetching_Item_Data_5) -Scraped_items(93/122) -Fetching(https://furusato.wowma.jp/products/detail.php?product_id=12178)
[15-Apr-21 11:01:14](INFO@Fetching_Item_Data_1) -Scraped_items(94/122) -Fetching(https://furusato.wowma.jp/products/detail.php?product_id=11606)
[15-Apr-21 11:01:14](INFO@Fetching_Item_Data_0) -Scraped_items(95/122) -Fetching(https://furusato.wowma.jp/products/detail.php?product_id=11147)
[15-Apr-21 11:01:14](INFO@Fetching_Item_Data_7) -Scraped_items(96/122) -Fetching(https://furusato.wowma.jp/products/detail.php?product_id=9116)
[15-Apr-21 11:01:15](INFO@Fetching_Item_Data_6) -Scraped_items(97/122) -Fetching(https://furusato.wowma.jp/products/detail.php?product_id=9060)
[15-Apr-21 11:01:15](INFO@Fetching_Item_Data_3) -Scraped_items(98/122) -Fetching(https://furusato.wowma.jp/products/detail.php?product_id=5145)
[15-Apr-21 11:01:15](INFO@Fetching_Item_Data_4) -Scraped_items(99/122) -Fetching(https://furusato.wowma.jp/products/detail.php?product_id=5144)
[15-Apr-21 11:01:15](INFO@Fetching_Item_Data_2) -Scraped_items(100/122) -Fetching(https://furusato.wowma.jp/products/detail.php?product_id=5143)
[15-Apr-21 11:01:16](INFO@Fetching_Item_Data_5) -Scraped_items(101/122) -Fetching(https://furusato.wowma.jp/products/detail.php?product_id=5142)
[15-Apr-21 11:01:17](INFO@Fetching_Item_Data_1) -Scraped_items(102/122) -Fetching(https://furusato.wowma.jp/products/detail.php?product_id=5141)
[15-Apr-21 11:01:17](INFO@Fetching_Item_Data_0) -Scraped_items(103/122) -Fetching(https://furusato.wowma.jp/products/detail.php?product_id=5140)
[15-Apr-21 11:01:17](INFO@Fetching_Item_Data_7) -Scraped_items(104/122) -Fetching(https://furusato.wowma.jp/products/detail.php?product_id=4838)
[15-Apr-21 11:01:19](INFO@Fetching_Item_Data_6) -Scraped_items(105/122) -Fetching(https://furusato.wowma.jp/products/detail.php?product_id=52031)
[15-Apr-21 11:01:19](INFO@Fetching_Item_Data_4) -Scraped_items(106/122) -Fetching(https://furusato.wowma.jp/products/detail.php?product_id=99910)
[15-Apr-21 11:01:19](INFO@Fetching_Item_Data_3) -Scraped_items(107/122) -Fetching(https://furusato.wowma.jp/products/detail.php?product_id=99909)
[15-Apr-21 11:01:19](INFO@Fetching_Item_Data_2) -Scraped_items(108/122) -Fetching(https://furusato.wowma.jp/products/detail.php?product_id=99908)
[15-Apr-21 11:01:20](INFO@Fetching_Item_Data_5) -Scraped_items(109/122) -Fetching(https://furusato.wowma.jp/products/detail.php?product_id=94210)
[15-Apr-21 11:01:20](INFO@Fetching_Item_Data_1) -Scraped_items(110/122) -Fetching(https://furusato.wowma.jp/products/detail.php?product_id=91826)
[15-Apr-21 11:01:20](INFO@Fetching_Item_Data_0) -Scraped_items(111/122) -Fetching(https://furusato.wowma.jp/products/detail.php?product_id=91823)
[15-Apr-21 11:01:20](INFO@Fetching_Item_Data_7) -Scraped_items(112/122) -Fetching(https://furusato.wowma.jp/products/detail.php?product_id=90557)
[15-Apr-21 11:01:22](INFO@Fetching_Item_Data_6) -Scraped_items(113/122) -Fetching(https://furusato.wowma.jp/products/detail.php?product_id=69090)
[15-Apr-21 11:01:22](INFO@Fetching_Item_Data_4) -Scraped_items(114/122) -Fetching(https://furusato.wowma.jp/products/detail.php?product_id=69089)
[15-Apr-21 11:01:22](INFO@Fetching_Item_Data_3) -Scraped_items(115/122) -Fetching(https://furusato.wowma.jp/products/detail.php?product_id=64814)
[15-Apr-21 11:01:22](INFO@Fetching_Item_Data_2) -Scraped_items(116/122) -Fetching(https://furusato.wowma.jp/products/detail.php?product_id=64813)
[15-Apr-21 11:01:22](INFO@Fetching_Item_Data_5) -Scraped_items(117/122) -Fetching(https://furusato.wowma.jp/products/detail.php?product_id=36739)
[15-Apr-21 11:01:23](INFO@Fetching_Item_Data_1) -Scraped_items(118/122) -Fetching(https://furusato.wowma.jp/products/detail.php?product_id=36738)
[15-Apr-21 11:01:23](INFO@Fetching_Item_Data_0) -Scraped_items(119/122) -Fetching(https://furusato.wowma.jp/products/detail.php?product_id=36737)
[15-Apr-21 11:01:23](INFO@Fetching_Item_Data_7) -Scraped_items(120/122) -Fetching(https://furusato.wowma.jp/products/detail.php?product_id=28928)
[15-Apr-21 11:01:24](INFO@Fetching_Item_Data_6) -Scraped_items(121/122) -Fetching(https://furusato.wowma.jp/products/detail.php?product_id=23680)
[15-Apr-21 11:01:25](INFO@Fetching_Item_Data_4) -Scraped_items(122/122) -Fetching(https://furusato.wowma.jp/products/detail.php?product_id=11964)
[15-Apr-21 11:01:28](INFO@MainThread) -Took 48.26 seconds to  scrape  122 items data
